2026-03-06 15:48:07,520 [DEBUG] :::ImportedClass.read_config(class) Registered: CaseCitation (base: BaseCitation)
2026-03-06 15:48:07,520 [DEBUG] :::ImportedClass.read_config(class) Registered: IllinoisAppCitation (base: BaseCitation)
2026-03-06 15:48:07,520 [DEBUG] :::ImportedClass.read_config(class) Registered: UnsupportedCitation (base: BaseCitation)
2026-03-06 15:48:07,520 [INFO] :::init(function) Citation engine ready.
2026-03-06 15:48:07,520 [INFO] :::cmd_selftest(function) Self-test: UnitTestCitations.txt
2026-03-06 15:48:08,267 [INFO] :::cmd_selftest(function)   [PASS] GOOD validated: <CaseCitation: ('United States v. Warshak', '631', 'F.3d', '266')>
2026-03-06 15:48:08,977 [INFO] :::cmd_selftest(function)   [PASS] GOOD validated: <CaseCitation: ('Burwell v. Hobby Lobby Stores, Inc.', '134', 'S. Ct.', '2751')>
2026-03-06 15:48:09,576 [INFO] :::cmd_selftest(function)   [PASS] GOOD validated: <CaseCitation: ('Heien v. North Carolina', '135', 'S. Ct.', '530')>
2026-03-06 15:48:10,197 [INFO] :::cmd_selftest(function)   [PASS] GOOD validated: <CaseCitation: ('Integrity Staffing Solutions, Inc. v. Busk', '135', 'S. Ct.', '513')>
2026-03-06 15:48:10,745 [INFO] :::cmd_selftest(function)   [PASS] GOOD validated: <CaseCitation: ('Dart Cherokee Basin Operating Co. v. Owens', '135', 'S. Ct.', '547')>
2026-03-06 15:48:11,382 [INFO] :::cmd_selftest(function)   [PASS] GOOD validated: <CaseCitation: ('United States v. Auernheimer', '748', 'F.3d', '525')>
2026-03-06 15:48:12,015 [INFO] :::cmd_selftest(function)   [PASS] GOOD validated: <CaseCitation: ('United States v. Newman', '773', 'F.3d', '438')>
2026-03-06 15:48:12,695 [INFO] :::cmd_selftest(function)   [PASS] BAD correctly rejected: <CaseCitation: ('United States v. Smith', '999', 'F.3d', '999')>
2026-03-06 15:48:13,340 [INFO] :::cmd_selftest(function)   [PASS] BAD correctly rejected: <CaseCitation: ('People v. Jones', '123', 'U.S.', '456')>
2026-03-06 15:48:13,842 [INFO] :::cmd_selftest(function)   [PASS] BAD correctly rejected: <CaseCitation: ('Riley v. California', '573', 'F.4th', '373')>
2026-03-06 15:48:14,411 [INFO] :::cmd_selftest(function)   [PASS] BAD correctly rejected: <CaseCitation: ('United States v. Newman', '773', 'F.3d', '9999')>
2026-03-06 15:48:14,920 [INFO] :::cmd_selftest(function)   [PASS] BAD correctly rejected: <CaseCitation: ('United States v. Doe', '000', 'F.3d', '000')>
2026-03-06 15:48:15,792 [INFO] :::cmd_selftest(function)   [PASS] BAD correctly rejected: <CaseCitation: ('United States v. Jones', '565', 'F.3d', '1200')>
2026-03-06 15:48:15,792 [WARNING] :::cmd_selftest(function)   no match: *United States v. Johnson, No. 1:99-cr-999* (sealed or nonexistent docket)
2026-03-06 15:48:15,792 [INFO] :::cmd_selftest(function) Self-test PASSED
